<?xml version="1.0" encoding="UTF-8"?>
<!-- Generated by org.testng.reporters.JUnitReportReporter -->
<testsuite hostname="MONO-HYD-LAP397" failures="1" tests="3" name="com.breakin.web.automation.testcases.AssignOpenCaseToSurveyor" time="44.916" errors="0" timestamp="2023-08-25T11:33:22 IST" skipped="2">
  <testcase classname="com.breakin.web.automation.testcases.AssignOpenCaseToSurveyor" name="assignCaseToSurveyor" time="44.916">
    <failure message="Expected condition failed: waiting for visibility of Proxy element for: DefaultElementLocator &#039;By.xpath: //button[text()=&#039;Assign Agency&#039;]&#039; (tried for 10 second(s) with 500 milliseconds interval)" type="java.lang.AssertionError">
      <![CDATA[java.lang.AssertionError: Expected condition failed: waiting for visibility of Proxy element for: DefaultElementLocator 'By.xpath: //button[text()='Assign Agency']' (tried for 10 second(s) with 500 milliseconds interval)
at org.testng.Assert.fail(Assert.java:110)
at com.breakin.web.automation.base.BasePage.reportFail(BasePage.java:219)
at com.breakin.web.automation.base.BasePage.verifyElementisVisible(BasePage.java:261)
at com.breakin.web.automation.pages.ManualAllocationPage.clickOnAssignAgencyButton(ManualAllocationPage.java:152)
at com.breakin.web.automation.testcases.AssignOpenCaseToSurveyor.assignCaseToSurveyor(AssignOpenCaseToSurveyor.java:45)
at java.base/jdk.internal.reflect.NativeMethodAccessorImpl.invoke0(Native Method)
at java.base/jdk.internal.reflect.NativeMethodAccessorImpl.invoke(NativeMethodAccessorImpl.java:77)
at java.base/jdk.internal.reflect.DelegatingMethodAccessorImpl.invoke(DelegatingMethodAccessorImpl.java:43)
at java.base/java.lang.reflect.Method.invoke(Method.java:568)
at org.testng.internal.invokers.MethodInvocationHelper.invokeMethod(MethodInvocationHelper.java:139)
at org.testng.internal.invokers.TestInvoker.invokeMethod(TestInvoker.java:677)
at org.testng.internal.invokers.TestInvoker.invokeTestMethod(TestInvoker.java:221)
at org.testng.internal.invokers.MethodRunner.runInSequence(MethodRunner.java:50)
at org.testng.internal.invokers.TestInvoker$MethodInvocationAgent.invoke(TestInvoker.java:969)
at org.testng.internal.invokers.TestInvoker.invokeTestMethods(TestInvoker.java:194)
at org.testng.internal.invokers.TestMethodWorker.invokeTestMethods(TestMethodWorker.java:148)
at org.testng.internal.invokers.TestMethodWorker.run(TestMethodWorker.java:128)
at java.base/java.util.ArrayList.forEach(ArrayList.java:1511)
at org.testng.TestRunner.privateRun(TestRunner.java:829)
at org.testng.TestRunner.run(TestRunner.java:602)
at org.testng.SuiteRunner.runTest(SuiteRunner.java:437)
at org.testng.SuiteRunner.runSequentially(SuiteRunner.java:431)
at org.testng.SuiteRunner.privateRun(SuiteRunner.java:391)
at org.testng.SuiteRunner.run(SuiteRunner.java:330)
at org.testng.SuiteRunnerWorker.runSuite(SuiteRunnerWorker.java:52)
at org.testng.SuiteRunnerWorker.run(SuiteRunnerWorker.java:95)
at org.testng.TestNG.runSuitesSequentially(TestNG.java:1256)
at org.testng.TestNG.runSuitesLocally(TestNG.java:1176)
at org.testng.TestNG.runSuites(TestNG.java:1099)
at org.testng.TestNG.run(TestNG.java:1067)
at com.breakin.web.automation.dataprovider.GenerateData.generateTestNGXMLFromExcel(GenerateData.java:157)
at com.breakin.web.automation.testcases.test.main(test.java:9)
]]>
    </failure>
  </testcase> <!-- assignCaseToSurveyor -->
  <system-out/>
  <testcase classname="com.breakin.web.automation.testcases.AssignOpenCaseToSurveyor" name="approvalCase" time="0.000">
    <skipped/>
  </testcase> <!-- approvalCase -->
  <system-out/>
  <testcase classname="com.breakin.web.automation.testcases.AssignOpenCaseToSurveyor" name="agencyInspection" time="0.000">
    <skipped/>
  </testcase> <!-- agencyInspection -->
  <system-out/>
</testsuite> <!-- com.breakin.web.automation.testcases.AssignOpenCaseToSurveyor -->
