<?xml version="1.0" encoding="UTF-8"?>
<!-- Generated by org.testng.reporters.JUnitReportReporter -->
<testsuite hostname="MONO-HYD-LAP397" failures="0" tests="1" name="com.breakin.web.automation.testcases.TestData" time="0.778" errors="0" timestamp="2023-12-07T18:08:19 IST" skipped="0">
  <testcase classname="com.breakin.web.automation.testcases.TestData" name="data" time="0.778"/>
  <system-out/>
</testsuite> <!-- com.breakin.web.automation.testcases.TestData -->
